\BOOKMARK [0][-]{chapter.1}{\376\377\000D\000a\000t\000a\000\040\000S\000t\000r\000u\000c\000t\000u\000r\000e\000\040\000I\000n\000d\000e\000x}{}% 1
\BOOKMARK [1][-]{section.1.1}{\376\377\000D\000a\000t\000a\000\040\000S\000t\000r\000u\000c\000t\000u\000r\000e\000s}{chapter.1}% 2
\BOOKMARK [0][-]{chapter.2}{\376\377\000F\000i\000l\000e\000\040\000I\000n\000d\000e\000x}{}% 3
\BOOKMARK [1][-]{section.2.1}{\376\377\000F\000i\000l\000e\000\040\000L\000i\000s\000t}{chapter.2}% 4
\BOOKMARK [0][-]{chapter.3}{\376\377\000D\000a\000t\000a\000\040\000S\000t\000r\000u\000c\000t\000u\000r\000e\000\040\000D\000o\000c\000u\000m\000e\000n\000t\000a\000t\000i\000o\000n}{}% 5
\BOOKMARK [1][-]{section.3.1}{\376\377\000b\000a\000s\000e\0006\0004\000\137\000d\000e\000c\000o\000d\000e\000s\000t\000a\000t\000e\000\040\000S\000t\000r\000u\000c\000t\000\040\000R\000e\000f\000e\000r\000e\000n\000c\000e}{chapter.3}% 6
\BOOKMARK [1][-]{section.3.2}{\376\377\000b\000a\000s\000e\0006\0004\000\137\000d\000e\000c\000o\000d\000e\000s\000t\000a\000t\000e\000\040\000S\000t\000r\000u\000c\000t\000\040\000R\000e\000f\000e\000r\000e\000n\000c\000e}{chapter.3}% 7
\BOOKMARK [1][-]{section.3.3}{\376\377\000b\000a\000s\000e\0006\0004\000\137\000e\000n\000c\000o\000d\000e\000s\000t\000a\000t\000e\000\040\000S\000t\000r\000u\000c\000t\000\040\000R\000e\000f\000e\000r\000e\000n\000c\000e}{chapter.3}% 8
\BOOKMARK [1][-]{section.3.4}{\376\377\000b\000a\000s\000e\0006\0004\000\137\000e\000n\000c\000o\000d\000e\000s\000t\000a\000t\000e\000\040\000S\000t\000r\000u\000c\000t\000\040\000R\000e\000f\000e\000r\000e\000n\000c\000e}{chapter.3}% 9
\BOOKMARK [1][-]{section.3.5}{\376\377\000d\000e\000c\000o\000d\000e\000r\000\040\000S\000t\000r\000u\000c\000t\000\040\000R\000e\000f\000e\000r\000e\000n\000c\000e}{chapter.3}% 10
\BOOKMARK [1][-]{section.3.6}{\376\377\000d\000o\000w\000n\000s\000t\000r\000e\000a\000m\000\137\000p\000a\000c\000k\000e\000t\000\040\000S\000t\000r\000u\000c\000t\000\040\000R\000e\000f\000e\000r\000e\000n\000c\000e}{chapter.3}% 11
\BOOKMARK [2][-]{subsection.3.6.1}{\376\377\000D\000e\000t\000a\000i\000l\000e\000d\000\040\000D\000e\000s\000c\000r\000i\000p\000t\000i\000o\000n}{section.3.6}% 12
\BOOKMARK [2][-]{subsection.3.6.2}{\376\377\000F\000i\000e\000l\000d\000\040\000D\000o\000c\000u\000m\000e\000n\000t\000a\000t\000i\000o\000n}{section.3.6}% 13
\BOOKMARK [3][-]{subsubsection.3.6.2.1}{\376\377\000c\000o\000d\000e\000\137\000r\000a\000t\000e}{subsection.3.6.2}% 14
\BOOKMARK [3][-]{subsubsection.3.6.2.2}{\376\377\000d\000a\000t\000a}{subsection.3.6.2}% 15
\BOOKMARK [3][-]{subsubsection.3.6.2.3}{\376\377\000d\000a\000t\000a\000r\000a\000t\000e}{subsection.3.6.2}% 16
\BOOKMARK [3][-]{subsubsection.3.6.2.4}{\376\377\000d\000i\000s\000a\000b\000l\000e\000\137\000C\000R\000C}{subsection.3.6.2}% 17
\BOOKMARK [3][-]{subsubsection.3.6.2.5}{\376\377\000f\000r\000e\000q\000u\000e\000n\000c\000y}{subsection.3.6.2}% 18
\BOOKMARK [3][-]{subsubsection.3.6.2.6}{\376\377\000f\000s\000k\000\137\000d\000a\000t\000a\000r\000a\000t\000e}{subsection.3.6.2}% 19
\BOOKMARK [3][-]{subsubsection.3.6.2.7}{\376\377\000f\000s\000k\000\137\000d\000e\000v\000i\000a\000t\000i\000o\000n}{subsection.3.6.2}% 20
\BOOKMARK [3][-]{subsubsection.3.6.2.8}{\376\377\000i\000\137\000p\000o\000l\000a\000r\000i\000z\000a\000t\000i\000o\000n}{subsection.3.6.2}% 21
\BOOKMARK [3][-]{subsubsection.3.6.2.9}{\376\377\000m\000o\000d\000u\000l\000a\000t\000i\000o\000n}{subsection.3.6.2}% 22
\BOOKMARK [3][-]{subsubsection.3.6.2.10}{\376\377\000p\000a\000y\000l\000o\000a\000d\000\137\000s\000i\000z\000e}{subsection.3.6.2}% 23
\BOOKMARK [3][-]{subsubsection.3.6.2.11}{\376\377\000p\000o\000w\000e\000r}{subsection.3.6.2}% 24
\BOOKMARK [3][-]{subsubsection.3.6.2.12}{\376\377\000r\000f\000\137\000c\000h\000a\000n\000n\000e\000l}{subsection.3.6.2}% 25
\BOOKMARK [3][-]{subsubsection.3.6.2.13}{\376\377\000r\000f\000\137\000p\000r\000e\000a\000m\000b\000l\000e}{subsection.3.6.2}% 26
\BOOKMARK [3][-]{subsubsection.3.6.2.14}{\376\377\000s\000e\000n\000d\000\137\000n\000o\000w}{subsection.3.6.2}% 27
\BOOKMARK [3][-]{subsubsection.3.6.2.15}{\376\377\000t\000i\000m\000e}{subsection.3.6.2}% 28
\BOOKMARK [3][-]{subsubsection.3.6.2.16}{\376\377\000t\000i\000m\000e\000s\000t\000a\000m\000p}{subsection.3.6.2}% 29
\BOOKMARK [1][-]{section.3.7}{\376\377\000e\000n\000c\000o\000d\000e\000r\000\040\000S\000t\000r\000u\000c\000t\000\040\000R\000e\000f\000e\000r\000e\000n\000c\000e}{chapter.3}% 30
\BOOKMARK [1][-]{section.3.8}{\376\377\000i\000o\000t\000\137\000p\000u\000l\000l\000\137\000d\000a\000t\000a\000\040\000U\000n\000i\000o\000n\000\040\000R\000e\000f\000e\000r\000e\000n\000c\000e}{chapter.3}% 31
\BOOKMARK [2][-]{subsection.3.8.1}{\376\377\000D\000e\000t\000a\000i\000l\000e\000d\000\040\000D\000e\000s\000c\000r\000i\000p\000t\000i\000o\000n}{section.3.8}% 32
\BOOKMARK [2][-]{subsection.3.8.2}{\376\377\000M\000e\000m\000b\000e\000r\000\040\000F\000u\000n\000c\000t\000i\000o\000n\000\040\000D\000o\000c\000u\000m\000e\000n\000t\000a\000t\000i\000o\000n}{section.3.8}% 33
\BOOKMARK [3][-]{subsubsection.3.8.2.1}{\376\377\000\137\000\137\000a\000t\000t\000r\000i\000b\000u\000t\000e\000\137\000\137}{subsection.3.8.2}% 34
\BOOKMARK [2][-]{subsection.3.8.3}{\376\377\000F\000i\000e\000l\000d\000\040\000D\000o\000c\000u\000m\000e\000n\000t\000a\000t\000i\000o\000n}{section.3.8}% 35
\BOOKMARK [3][-]{subsubsection.3.8.3.1}{\376\377\000m\000s\000g}{subsection.3.8.3}% 36
\BOOKMARK [1][-]{section.3.9}{\376\377\000i\000o\000t\000\137\000p\000u\000s\000h\000\137\000d\000a\000t\000a\000\040\000U\000n\000i\000o\000n\000\040\000R\000e\000f\000e\000r\000e\000n\000c\000e}{chapter.3}% 37
\BOOKMARK [2][-]{subsection.3.9.1}{\376\377\000D\000e\000t\000a\000i\000l\000e\000d\000\040\000D\000e\000s\000c\000r\000i\000p\000t\000i\000o\000n}{section.3.9}% 38
\BOOKMARK [1][-]{section.3.10}{\376\377\000j\000s\000o\000n\000\137\000a\000r\000r\000a\000y\000\137\000t\000\040\000S\000t\000r\000u\000c\000t\000\040\000R\000e\000f\000e\000r\000e\000n\000c\000e}{chapter.3}% 39
\BOOKMARK [1][-]{section.3.11}{\376\377\000j\000s\000o\000n\000\137\000o\000b\000j\000e\000c\000t\000\137\000t\000\040\000S\000t\000r\000u\000c\000t\000\040\000R\000e\000f\000e\000r\000e\000n\000c\000e}{chapter.3}% 40
\BOOKMARK [1][-]{section.3.12}{\376\377\000j\000s\000o\000n\000\137\000v\000a\000l\000u\000e\000\137\000t\000\040\000S\000t\000r\000u\000c\000t\000\040\000R\000e\000f\000e\000r\000e\000n\000c\000e}{chapter.3}% 41
\BOOKMARK [1][-]{section.3.13}{\376\377\000j\000s\000o\000n\000\137\000v\000a\000l\000u\000e\000\137\000v\000a\000l\000u\000e\000\040\000U\000n\000i\000o\000n\000\040\000R\000e\000f\000e\000r\000e\000n\000c\000e}{chapter.3}% 42
\BOOKMARK [0][-]{chapter.4}{\376\377\000F\000i\000l\000e\000\040\000D\000o\000c\000u\000m\000e\000n\000t\000a\000t\000i\000o\000n}{}% 43
\BOOKMARK [1][-]{section.4.1}{\376\377\000i\000n\000c\000l\000u\000d\000e\000s\000/\000c\000o\000n\000s\000t\000a\000n\000t\000s\000.\000h\000\040\000F\000i\000l\000e\000\040\000R\000e\000f\000e\000r\000e\000n\000c\000e}{chapter.4}% 44
\BOOKMARK [2][-]{subsection.4.1.1}{\376\377\000D\000e\000t\000a\000i\000l\000e\000d\000\040\000D\000e\000s\000c\000r\000i\000p\000t\000i\000o\000n}{section.4.1}% 45
\BOOKMARK [2][-]{subsection.4.1.2}{\376\377\000M\000a\000c\000r\000o\000\040\000D\000e\000f\000i\000n\000i\000t\000i\000o\000n\000\040\000D\000o\000c\000u\000m\000e\000n\000t\000a\000t\000i\000o\000n}{section.4.1}% 46
\BOOKMARK [3][-]{subsubsection.4.1.2.1}{\376\377\000I\000N\000C\000O\000M\000M\000I\000N\000G\000\137\000M\000S\000G\000\137\000S\000I\000Z\000E}{subsection.4.1.2}% 47
\BOOKMARK [3][-]{subsubsection.4.1.2.2}{\376\377\000I\000N\000V\000A\000L\000I\000D\000\137\000S\000O\000C\000K\000E\000T}{subsection.4.1.2}% 48
\BOOKMARK [3][-]{subsubsection.4.1.2.3}{\376\377\000J\000S\000O\000N\000\137\000B\000A\000D\000\137\000F\000O\000R\000M\000E\000D}{subsection.4.1.2}% 49
\BOOKMARK [3][-]{subsubsection.4.1.2.4}{\376\377\000M\000A\000X\000\137\000D\000O\000W\000N\000S\000T\000R\000E\000A\000M\000\137\000E\000R\000R\000O\000R}{subsection.4.1.2}% 50
\BOOKMARK [3][-]{subsubsection.4.1.2.5}{\376\377\000M\000A\000X\000\137\000U\000P\000S\000T\000R\000E\000A\000M\000\137\000E\000R\000R\000O\000R}{subsection.4.1.2}% 51
\BOOKMARK [3][-]{subsubsection.4.1.2.6}{\376\377\000S\000O\000C\000K\000E\000T\000\137\000E\000R\000R\000O\000R}{subsection.4.1.2}% 52
\BOOKMARK [1][-]{section.4.2}{\376\377\000i\000n\000c\000l\000u\000d\000e\000s\000/\000d\000o\000w\000n\000s\000t\000r\000e\000a\000m\000\137\000p\000a\000c\000k\000e\000t\000.\000h\000\040\000F\000i\000l\000e\000\040\000R\000e\000f\000e\000r\000e\000n\000c\000e}{chapter.4}% 53
\BOOKMARK [2][-]{subsection.4.2.1}{\376\377\000D\000e\000t\000a\000i\000l\000e\000d\000\040\000D\000e\000s\000c\000r\000i\000p\000t\000i\000o\000n}{section.4.2}% 54
\BOOKMARK [1][-]{section.4.3}{\376\377\000i\000n\000c\000l\000u\000d\000e\000s\000/\000i\000o\000t\000\137\000p\000u\000l\000l\000\137\000d\000a\000t\000a\000.\000h\000\040\000F\000i\000l\000e\000\040\000R\000e\000f\000e\000r\000e\000n\000c\000e}{chapter.4}% 55
\BOOKMARK [2][-]{subsection.4.3.1}{\376\377\000D\000e\000t\000a\000i\000l\000e\000d\000\040\000D\000e\000s\000c\000r\000i\000p\000t\000i\000o\000n}{section.4.3}% 56
\BOOKMARK [1][-]{section.4.4}{\376\377\000i\000n\000c\000l\000u\000d\000e\000s\000/\000i\000o\000t\000\137\000p\000u\000s\000h\000\137\000d\000a\000t\000a\000.\000h\000\040\000F\000i\000l\000e\000\040\000R\000e\000f\000e\000r\000e\000n\000c\000e}{chapter.4}% 57
\BOOKMARK [2][-]{subsection.4.4.1}{\376\377\000D\000e\000t\000a\000i\000l\000e\000d\000\040\000D\000e\000s\000c\000r\000i\000p\000t\000i\000o\000n}{section.4.4}% 58
\BOOKMARK [1][-]{section.4.5}{\376\377\000i\000n\000c\000l\000u\000d\000e\000s\000/\000m\000a\000n\000a\000g\000e\000\137\000d\000o\000w\000n\000s\000t\000r\000e\000a\000m\000.\000h\000\040\000F\000i\000l\000e\000\040\000R\000e\000f\000e\000r\000e\000n\000c\000e}{chapter.4}% 59
\BOOKMARK [2][-]{subsection.4.5.1}{\376\377\000D\000e\000t\000a\000i\000l\000e\000d\000\040\000D\000e\000s\000c\000r\000i\000p\000t\000i\000o\000n}{section.4.5}% 60
\BOOKMARK [2][-]{subsection.4.5.2}{\376\377\000F\000u\000n\000c\000t\000i\000o\000n\000\040\000D\000o\000c\000u\000m\000e\000n\000t\000a\000t\000i\000o\000n}{section.4.5}% 61
\BOOKMARK [3][-]{subsubsection.4.5.2.1}{\376\377\000m\000a\000n\000a\000g\000e\000\137\000d\000o\000w\000n\000s\000t\000r\000e\000a\000m}{subsection.4.5.2}% 62
\BOOKMARK [3][-]{subsubsection.4.5.2.2}{\376\377\000s\000e\000n\000d\000\137\000d\000o\000w\000n\000s\000t\000r\000e\000a\000m\000\137\000m\000e\000s\000s\000a\000g\000e}{subsection.4.5.2}% 63
\BOOKMARK [2][-]{subsection.4.5.3}{\376\377\000V\000a\000r\000i\000a\000b\000l\000e\000\040\000D\000o\000c\000u\000m\000e\000n\000t\000a\000t\000i\000o\000n}{section.4.5}% 64
\BOOKMARK [3][-]{subsubsection.4.5.3.1}{\376\377\000d\000o\000w\000n\000s\000t\000r\000e\000a\000m\000\137\000e\000r\000r\000o\000r}{subsection.4.5.3}% 65
\BOOKMARK [3][-]{subsubsection.4.5.3.2}{\376\377\000s\000t\000o\000p\000\137\000t\000h\000r\000e\000a\000d\000\137\000d\000o\000w\000n\000s\000t\000r\000e\000a\000m}{subsection.4.5.3}% 66
\BOOKMARK [3][-]{subsubsection.4.5.3.3}{\376\377\000t\000h\000r\000e\000a\000d\000\137\000m\000a\000n\000a\000g\000e\000\137\000d\000o\000w\000n\000s\000t\000r\000e\000a\000m}{subsection.4.5.3}% 67
\BOOKMARK [1][-]{section.4.6}{\376\377\000m\000a\000i\000n\000.\000c\000\040\000F\000i\000l\000e\000\040\000R\000e\000f\000e\000r\000e\000n\000c\000e}{chapter.4}% 68
\BOOKMARK [2][-]{subsection.4.6.1}{\376\377\000D\000e\000t\000a\000i\000l\000e\000d\000\040\000D\000e\000s\000c\000r\000i\000p\000t\000i\000o\000n}{section.4.6}% 69
\BOOKMARK [2][-]{subsection.4.6.2}{\376\377\000V\000a\000r\000i\000a\000b\000l\000e\000\040\000D\000o\000c\000u\000m\000e\000n\000t\000a\000t\000i\000o\000n}{section.4.6}% 70
\BOOKMARK [3][-]{subsubsection.4.6.2.1}{\376\377\000d\000o\000w\000n\000s\000t\000r\000e\000a\000m\000\137\000e\000r\000r\000o\000r}{subsection.4.6.2}% 71
\BOOKMARK [3][-]{subsubsection.4.6.2.2}{\376\377\000s\000t\000o\000p\000\137\000t\000h\000r\000e\000a\000d\000\137\000d\000o\000w\000n\000s\000t\000r\000e\000a\000m}{subsection.4.6.2}% 72
\BOOKMARK [3][-]{subsubsection.4.6.2.3}{\376\377\000t\000h\000r\000e\000a\000d\000\137\000m\000a\000n\000a\000g\000e\000\137\000d\000o\000w\000n\000s\000t\000r\000e\000a\000m}{subsection.4.6.2}% 73
